<?xml version="1.0" encoding="UTF-8"?>
<!-- Generated by org.testng.reporters.JUnitReportReporter -->
<testsuite skipped="0" hostname="LAPTOP-1HS3OD04" name="com.automation.UIAutomations.uiActions.TC_02Regestration" tests="1" failures="0" timestamp="29 Jan 2018 07:42:37 GMT" time="2.310" errors="0">
  <testcase name="regestration" time="2.310" classname="com.automation.UIAutomations.uiActions.TC_02Regestration"/>
</testsuite> <!-- com.automation.UIAutomations.uiActions.TC_02Regestration -->
