<?xml version="1.0" encoding="UTF-8"?>
<!-- Generated by org.testng.reporters.JUnitReportReporter -->
<testsuite skipped="0" hostname="LAPTOP-1HS3OD04" name="com.automation.UIAutomations.homepage.TC_01VerifyLoginWithInvalidCredentials" tests="1" failures="0" timestamp="23 Jan 2018 09:37:46 GMT" time="10.866" errors="0">
  <testcase name="verifyLoginWithInvalidCredentials" time="10.866" classname="com.automation.UIAutomations.homepage.TC_01VerifyLoginWithInvalidCredentials"/>
</testsuite> <!-- com.automation.UIAutomations.homepage.TC_01VerifyLoginWithInvalidCredentials -->
